Unity Editor version:    2021.3.9f1 (ad3870b89536)
Branch:                  2021.3/staging
Build type:              Release
Batch mode:              YES
macOS version:           Version 12.6 (Build 21G115)
Darwin version:          21.6.0
Architecture:            x86_64
Running under Rosetta:   NO
Available memory:        8192 MB
Using pre-set license
Pro License: YES

COMMAND LINE ARGUMENTS:
/Applications/Unity/Hub/Editor/2021.3.9f1/Unity.app/Contents/MacOS/Unity
-adb2
-batchMode
-noUpm
-name
AssetImportWorker0
-projectPath
/Users/q/Documents/GitHub/gamedev-gametwo/Game Two
-logFile
Logs/AssetImportWorker0.log
-srvPort
58494
Successfully changed project path to: /Users/q/Documents/GitHub/gamedev-gametwo/Game Two
/Users/q/Documents/GitHub/gamedev-gametwo/Game Two
[UnityMemory] Configuration Parameters - Can be set up in boot.config
    "memorysetup-bucket-allocator-granularity=16"
    "memorysetup-bucket-allocator-bucket-count=8"
    "memorysetup-bucket-allocator-block-size=33554432"
    "memorysetup-bucket-allocator-block-count=8"
    "memorysetup-main-allocator-block-size=16777216"
    "memorysetup-thread-allocator-block-size=16777216"
    "memorysetup-gfx-main-allocator-block-size=16777216"
    "memorysetup-gfx-thread-allocator-block-size=16777216"
    "memorysetup-cache-allocator-block-size=4194304"
    "memorysetup-typetree-allocator-block-size=2097152"
    "memorysetup-profiler-bucket-allocator-granularity=16"
    "memorysetup-profiler-bucket-allocator-bucket-count=8"
    "memorysetup-profiler-bucket-allocator-block-size=33554432"
    "memorysetup-profiler-bucket-allocator-block-count=8"
    "memorysetup-profiler-allocator-block-size=16777216"
    "memorysetup-profiler-editor-allocator-block-size=1048576"
    "memorysetup-temp-allocator-size-main=16777216"
    "memorysetup-job-temp-allocator-block-size=2097152"
    "memorysetup-job-temp-allocator-block-size-background=1048576"
    "memorysetup-job-temp-allocator-reduction-small-platforms=262144"
    "memorysetup-temp-allocator-size-background-worker=32768"
    "memorysetup-temp-allocator-size-job-worker=262144"
    "memorysetup-temp-allocator-size-preload-manager=33554432"
    "memorysetup-temp-allocator-size-nav-mesh-worker=65536"
    "memorysetup-temp-allocator-size-audio-worker=65536"
    "memorysetup-temp-allocator-size-cloud-worker=32768"
    "memorysetup-temp-allocator-size-gi-baking-worker=262144"
    "memorysetup-temp-allocator-size-gfx=262144"
Refreshing native plugins compatible for Editor in 194.31 ms, found 3 plugins.
Preloading 0 native plugins for Editor in 0.00 ms.
Initialize engine version: 2021.3.9f1 (ad3870b89536)
[Subsystems] Discovering subsystems at path /Applications/Unity/Hub/Editor/2021.3.9f1/Unity.app/Contents/Resources/UnitySubsystems
[Subsystems] Discovering subsystems at path /Users/q/Documents/GitHub/gamedev-gametwo/Game Two/Assets
GfxDevice: creating device client; threaded=0; jobified=0
Color LCD preferred device: Intel(R) Iris(TM) Plus Graphics 645 (low power)
Metal devices available: 1
0: Intel(R) Iris(TM) Plus Graphics 645 (low power)
Using device Intel(R) Iris(TM) Plus Graphics 645 (low power)
Initializing Metal device caps: Intel(R) Iris(TM) Plus Graphics 645
Initialize mono
Mono path[0] = '/Applications/Unity/Hub/Editor/2021.3.9f1/Unity.app/Contents/Managed'
Mono path[1] = '/Applications/Unity/Hub/Editor/2021.3.9f1/Unity.app/Contents/MonoBleedingEdge/lib/mono/unityjit-macos'
Mono config path = '/Applications/Unity/Hub/Editor/2021.3.9f1/Unity.app/Contents/MonoBleedingEdge/etc'
Using monoOptions --debugger-agent=transport=dt_socket,embedding=1,server=y,suspend=n,address=127.0.0.1:56151
Begin MonoManager ReloadAssembly
Registering precompiled unity dll's ...
Register platform support module: /Applications/Unity/Hub/Editor/2021.3.9f1/Unity.app/Contents/PlaybackEngines/MacStandaloneSupport/UnityEditor.OSXStandalone.Extensions.dll
Register platform support module: /Applications/Unity/Hub/Editor/2021.3.9f1/PlaybackEngines/AndroidPlayer/UnityEditor.Android.Extensions.dll
Register platform support module: /Applications/Unity/Hub/Editor/2021.3.9f1/PlaybackEngines/iOSSupport/UnityEditor.iOS.Extensions.dll
Register platform support module: /Applications/Unity/Hub/Editor/2021.3.9f1/PlaybackEngines/WindowsStandaloneSupport/UnityEditor.WindowsStandalone.Extensions.dll
Registered in 0.006099 seconds.
Native extension for WindowsStandalone target not found
[usbmuxd] Start listen thread
[usbmuxd] Listen thread started
[usbmuxd] Send listen message
Native extension for iOS target not found
Native extension for Android target not found
Native extension for OSXStandalone target not found
Refreshing native plugins compatible for Editor in 141.77 ms, found 3 plugins.
Preloading 0 native plugins for Editor in 0.00 ms.
Mono: successfully reloaded assembly
- Completed reload, in  1.149 seconds
Domain Reload Profiling:
	ReloadAssembly (1150ms)
		BeginReloadAssembly (149ms)
			ExecutionOrderSort (0ms)
			DisableScriptedObjects (0ms)
			BackupInstance (0ms)
			ReleaseScriptingObjects (0ms)
			CreateAndSetChildDomain (1ms)
		EndReloadAssembly (817ms)
			LoadAssemblies (153ms)
			RebuildTransferFunctionScriptingTraits (0ms)
			SetupTypeCache (187ms)
			ReleaseScriptCaches (0ms)
			RebuildScriptCaches (49ms)
			SetupLoadedEditorAssemblies (505ms)
				LogAssemblyErrors (0ms)
				InitializePlatformSupportModulesInManaged (125ms)
				SetLoadedEditorAssemblies (0ms)
				RefreshPlugins (142ms)
				BeforeProcessingInitializeOnLoad (1ms)
				ProcessInitializeOnLoadAttributes (170ms)
				ProcessInitializeOnLoadMethodAttributes (66ms)
				AfterProcessingInitializeOnLoad (0ms)
				EditorAssembliesLoaded (0ms)
			ExecutionOrderSort2 (0ms)
			AwakeInstancesAfterBackupRestoration (0ms)
Platform modules already initialized, skipping
Registering precompiled user dll's ...
Registered in 0.008405 seconds.
Begin MonoManager ReloadAssembly
Symbol file LoadedFromMemory doesn't match image /Users/q/Documents/GitHub/gamedev-gametwo/Game Two/Library/PackageCache/com.unity.visualscripting@1.7.8/Editor/VisualScripting.Core/Dependencies/YamlDotNet/Unity.VisualScripting.YamlDotNet.dll
Symbol file LoadedFromMemory doesn't match image /Users/q/Documents/GitHub/gamedev-gametwo/Game Two/Library/PackageCache/com.unity.visualscripting@1.7.8/Editor/VisualScripting.Core/Dependencies/DotNetZip/Unity.VisualScripting.IonicZip.dll
Native extension for WindowsStandalone target not found
Native extension for iOS target not found
Native extension for Android target not found
Native extension for OSXStandalone target not found
Refreshing native plugins compatible for Editor in 161.78 ms, found 3 plugins.
Preloading 0 native plugins for Editor in 0.00 ms.
Mono: successfully reloaded assembly
- Completed reload, in  2.115 seconds
Domain Reload Profiling:
	ReloadAssembly (2121ms)
		BeginReloadAssembly (139ms)
			ExecutionOrderSort (0ms)
			DisableScriptedObjects (9ms)
			BackupInstance (0ms)
			ReleaseScriptingObjects (0ms)
			CreateAndSetChildDomain (33ms)
		EndReloadAssembly (1797ms)
			LoadAssemblies (161ms)
			RebuildTransferFunctionScriptingTraits (0ms)
			SetupTypeCache (482ms)
			ReleaseScriptCaches (1ms)
			RebuildScriptCaches (100ms)
			SetupLoadedEditorAssemblies (916ms)
				LogAssemblyErrors (0ms)
				InitializePlatformSupportModulesInManaged (37ms)
				SetLoadedEditorAssemblies (1ms)
				RefreshPlugins (162ms)
				BeforeProcessingInitializeOnLoad (140ms)
				ProcessInitializeOnLoadAttributes (490ms)
				ProcessInitializeOnLoadMethodAttributes (85ms)
				AfterProcessingInitializeOnLoad (2ms)
				EditorAssembliesLoaded (0ms)
			ExecutionOrderSort2 (0ms)
			AwakeInstancesAfterBackupRestoration (8ms)
Platform modules already initialized, skipping
========================================================================
Worker process is ready to serve import requests
Launching external process: /Applications/Unity/Hub/Editor/2021.3.9f1/Unity.app/Contents/Tools/UnityShaderCompiler
Launched and connected shader compiler UnityShaderCompiler after 0.10 seconds
Refreshing native plugins compatible for Editor in 1.06 ms, found 3 plugins.
Preloading 0 native plugins for Editor in 0.00 ms.
Unloading 4076 Unused Serialized files (Serialized files now loaded: 0)
Unloading 38 unused Assets / (43.4 KB). Loaded Objects now: 4534.
Memory consumption went from 265.1 MB to 265.1 MB.
Total: 6.224331 ms (FindLiveObjects: 0.490158 ms CreateObjectMapping: 0.357401 ms MarkObjects: 5.206163 ms  DeleteObjects: 0.169195 ms)

AssetImportParameters requested are different than current active one (requested -> active):
  custom:video-decoder-ogg-theora: a1e56fd34408186e4bbccfd4996cb3dc -> 
  custom:container-muxer-webm: aa71ff27fc2769a1b78a27578f13a17b -> 
  custom:container-demuxer-webm: 4f35f7cbe854078d1ac9338744f61a02 -> 
  custom:video-encoder-webm-vp8: eb34c28f22e8b96e1ab97ce403110664 -> 
  custom:framework-osx-AVFoundation: e770b220cccbd017edd2c1fefb359320 -> 
  custom:audio-encoder-webm-vorbis: bf7c407c2cedff20999df2af8eb42d56 -> 
  custom:container-demuxer-ogg: 62fdf1f143b41e24485cea50d1cbac27 -> 
  custom:video-decoder-webm-vp8: 9c59270c3fd7afecdb556c50c9e8de78 -> 
  custom:audio-decoder-ogg-vorbis: bf7c407c2cedff20999df2af8eb42d56 -> 
========================================================================
Received Import Request.
  Time since last request: 327584.725918 seconds.
  path: Assets/prefabs/Grid.prefab
  artifactKey: Guid(55a90179a7a384d28bce8340f481c0df) Importer(815301076,1909f56bfc062723c751e8b465ee728b)
Start importing Assets/prefabs/Grid.prefab using Guid(55a90179a7a384d28bce8340f481c0df) Importer(815301076,1909f56bfc062723c751e8b465ee728b)  -> (artifact id: 'deb95f3df0014a5b210f30f6bdd65d3e') in 0.547037 seconds 
========================================================================
Received Import Request.
  Time since last request: 0.000088 seconds.
  path: Assets/prefabs/platform.prefab
  artifactKey: Guid(6ef03a1b4c17e4f0288f72f3cc978c59) Importer(815301076,1909f56bfc062723c751e8b465ee728b)
Start importing Assets/prefabs/platform.prefab using Guid(6ef03a1b4c17e4f0288f72f3cc978c59) Importer(815301076,1909f56bfc062723c751e8b465ee728b)  -> (artifact id: 'f4f60c73c6c53bc1aa50c759d0db236e') in 0.037859 seconds 
========================================================================
Received Import Request.
  Time since last request: 0.000097 seconds.
  path: Assets/Scenes/SampleScene.unity
  artifactKey: Guid(2cda990e2423bbf4892e6590ba056729) Importer(815301076,1909f56bfc062723c751e8b465ee728b)
Start importing Assets/Scenes/SampleScene.unity using Guid(2cda990e2423bbf4892e6590ba056729) Importer(815301076,1909f56bfc062723c751e8b465ee728b)  -> (artifact id: '8aa052e5a0ca9d04c98e7cb73c39c1bd') in 0.001418 seconds 
========================================================================
Received Import Request.
  Time since last request: 0.000115 seconds.
  path: Assets/prefabs/rock-3.prefab
  artifactKey: Guid(77ac1ab095c224e378733e0c2f37962c) Importer(815301076,1909f56bfc062723c751e8b465ee728b)
Start importing Assets/prefabs/rock-3.prefab using Guid(77ac1ab095c224e378733e0c2f37962c) Importer(815301076,1909f56bfc062723c751e8b465ee728b)  -> (artifact id: '7ac56b63a8a29c49ffb5798a462c13c2') in 0.022659 seconds 
========================================================================
Received Import Request.
  Time since last request: 0.000105 seconds.
  path: Assets/prefabs/background_layer_1.prefab
  artifactKey: Guid(3b49592f4eb3044b7b967f32a19a1cc4) Importer(815301076,1909f56bfc062723c751e8b465ee728b)
Start importing Assets/prefabs/background_layer_1.prefab using Guid(3b49592f4eb3044b7b967f32a19a1cc4) Importer(815301076,1909f56bfc062723c751e8b465ee728b)  -> (artifact id: '14be4efee5fd962c91457eedf4bf85bd') in 0.025266 seconds 
========================================================================
Received Import Request.
  Time since last request: 0.000126 seconds.
  path: Assets/prefabs/Grid-hole.prefab
  artifactKey: Guid(d7584a17327a44749b9370ea4f51806b) Importer(815301076,1909f56bfc062723c751e8b465ee728b)
Start importing Assets/prefabs/Grid-hole.prefab using Guid(d7584a17327a44749b9370ea4f51806b) Importer(815301076,1909f56bfc062723c751e8b465ee728b)  -> (artifact id: '97d31c55900ac4ba7abb76553aece7f7') in 0.041476 seconds 
========================================================================
Received Prepare
Registering precompiled user dll's ...
Registered in 0.003251 seconds.
Begin MonoManager ReloadAssembly
Symbol file LoadedFromMemory doesn't match image /Users/q/Documents/GitHub/gamedev-gametwo/Game Two/Library/PackageCache/com.unity.visualscripting@1.7.8/Editor/VisualScripting.Core/Dependencies/YamlDotNet/Unity.VisualScripting.YamlDotNet.dll
Symbol file LoadedFromMemory doesn't match image /Users/q/Documents/GitHub/gamedev-gametwo/Game Two/Library/PackageCache/com.unity.visualscripting@1.7.8/Editor/VisualScripting.Core/Dependencies/DotNetZip/Unity.VisualScripting.IonicZip.dll
Native extension for WindowsStandalone target not found
Native extension for iOS target not found
Native extension for Android target not found
Native extension for OSXStandalone target not found
Refreshing native plugins compatible for Editor in 1.74 ms, found 3 plugins.
Preloading 0 native plugins for Editor in 0.00 ms.
Mono: successfully reloaded assembly
- Completed reload, in  2.317 seconds
Domain Reload Profiling:
	ReloadAssembly (2318ms)
		BeginReloadAssembly (241ms)
			ExecutionOrderSort (0ms)
			DisableScriptedObjects (14ms)
			BackupInstance (0ms)
			ReleaseScriptingObjects (0ms)
			CreateAndSetChildDomain (101ms)
		EndReloadAssembly (1875ms)
			LoadAssemblies (140ms)
			RebuildTransferFunctionScriptingTraits (0ms)
			SetupTypeCache (584ms)
			ReleaseScriptCaches (2ms)
			RebuildScriptCaches (113ms)
			SetupLoadedEditorAssemblies (910ms)
				LogAssemblyErrors (0ms)
				InitializePlatformSupportModulesInManaged (60ms)
				SetLoadedEditorAssemblies (1ms)
				RefreshPlugins (2ms)
				BeforeProcessingInitializeOnLoad (175ms)
				ProcessInitializeOnLoadAttributes (565ms)
				ProcessInitializeOnLoadMethodAttributes (102ms)
				AfterProcessingInitializeOnLoad (3ms)
				EditorAssembliesLoaded (0ms)
			ExecutionOrderSort2 (0ms)
			AwakeInstancesAfterBackupRestoration (18ms)
Platform modules already initialized, skipping
Refreshing native plugins compatible for Editor in 6.90 ms, found 3 plugins.
Preloading 0 native plugins for Editor in 0.00 ms.
Unloading 4065 Unused Serialized files (Serialized files now loaded: 0)
Unloading 25 unused Assets / (22.4 KB). Loaded Objects now: 4544.
Memory consumption went from 276.6 MB to 276.5 MB.
Total: 9.982916 ms (FindLiveObjects: 0.711080 ms CreateObjectMapping: 0.528972 ms MarkObjects: 8.676446 ms  DeleteObjects: 0.064875 ms)

AssetImportParameters requested are different than current active one (requested -> active):
  custom:video-decoder-ogg-theora: a1e56fd34408186e4bbccfd4996cb3dc -> 
  custom:container-muxer-webm: aa71ff27fc2769a1b78a27578f13a17b -> 
  custom:container-demuxer-webm: 4f35f7cbe854078d1ac9338744f61a02 -> 
  custom:video-encoder-webm-vp8: eb34c28f22e8b96e1ab97ce403110664 -> 
  custom:framework-osx-AVFoundation: e770b220cccbd017edd2c1fefb359320 -> 
  custom:audio-encoder-webm-vorbis: bf7c407c2cedff20999df2af8eb42d56 -> 
  custom:container-demuxer-ogg: 62fdf1f143b41e24485cea50d1cbac27 -> 
  custom:video-decoder-webm-vp8: 9c59270c3fd7afecdb556c50c9e8de78 -> 
  custom:audio-decoder-ogg-vorbis: bf7c407c2cedff20999df2af8eb42d56 -> 
========================================================================
Received Import Request.
  Time since last request: 178.672775 seconds.
  path: Assets/BG
  artifactKey: Guid(1ea74287695064ff6bd004bd12a439fd) Importer(815301076,1909f56bfc062723c751e8b465ee728b)
Start importing Assets/BG using Guid(1ea74287695064ff6bd004bd12a439fd) Importer(815301076,1909f56bfc062723c751e8b465ee728b)  -> (artifact id: 'cc8e98ccff3e5e7a55445090cf9755e8') in 0.096404 seconds 
========================================================================
Received Import Request.
  Time since last request: 9.089684 seconds.
  path: Assets/BG/parallax-demon-woods-bg.png
  artifactKey: Guid(b59d49ab362574f449a7835e255e4a8b) Importer(815301076,1909f56bfc062723c751e8b465ee728b)
Start importing Assets/BG/parallax-demon-woods-bg.png using Guid(b59d49ab362574f449a7835e255e4a8b) Importer(815301076,1909f56bfc062723c751e8b465ee728b)  -> (artifact id: '8cdc283203e16c7c4730e90a272e0684') in 0.946823 seconds 
========================================================================
Received Import Request.
  Time since last request: 0.000079 seconds.
  path: Assets/BG/parallax-demon-woods-mid-trees.png
  artifactKey: Guid(ff92cb4678ba34442a1480668aa64afa) Importer(815301076,1909f56bfc062723c751e8b465ee728b)
Start importing Assets/BG/parallax-demon-woods-mid-trees.png using Guid(ff92cb4678ba34442a1480668aa64afa) Importer(815301076,1909f56bfc062723c751e8b465ee728b)  -> (artifact id: '88cbf4502e6f3660f7a6089f2b51779b') in 0.034362 seconds 
========================================================================
Received Import Request.
  Time since last request: 70.708420 seconds.
  path: Assets/BG/parallax-demon-woods-bg.png
  artifactKey: Guid(b59d49ab362574f449a7835e255e4a8b) Importer(815301076,1909f56bfc062723c751e8b465ee728b)
Start importing Assets/BG/parallax-demon-woods-bg.png using Guid(b59d49ab362574f449a7835e255e4a8b) Importer(815301076,1909f56bfc062723c751e8b465ee728b)  -> (artifact id: '4ed973e2ce7c26b10a9f4b47df58555e') in 0.029793 seconds 
========================================================================
Received Import Request.
  Time since last request: 17.139725 seconds.
  path: Assets/BG/parallax-demon-woods-bg.png
  artifactKey: Guid(b59d49ab362574f449a7835e255e4a8b) Importer(815301076,1909f56bfc062723c751e8b465ee728b)
Start importing Assets/BG/parallax-demon-woods-bg.png using Guid(b59d49ab362574f449a7835e255e4a8b) Importer(815301076,1909f56bfc062723c751e8b465ee728b)  -> (artifact id: 'b8802131fd03fdbe46029a41f52c14f8') in 0.026270 seconds 
========================================================================
Received Import Request.
  Time since last request: 8.255781 seconds.
  path: Assets/BG/parallax-demon-woods-close-trees.png
  artifactKey: Guid(f549d026d574244ae838194fd8c43b57) Importer(815301076,1909f56bfc062723c751e8b465ee728b)
Start importing Assets/BG/parallax-demon-woods-close-trees.png using Guid(f549d026d574244ae838194fd8c43b57) Importer(815301076,1909f56bfc062723c751e8b465ee728b)  -> (artifact id: 'fb789bc5b6b3d65b0db3b4240645d792') in 0.035725 seconds 
========================================================================
Received Import Request.
  Time since last request: 8.404532 seconds.
  path: Assets/BG/parallax-demon-woods-bg.png
  artifactKey: Guid(b59d49ab362574f449a7835e255e4a8b) Importer(815301076,1909f56bfc062723c751e8b465ee728b)
Start importing Assets/BG/parallax-demon-woods-bg.png using Guid(b59d49ab362574f449a7835e255e4a8b) Importer(815301076,1909f56bfc062723c751e8b465ee728b)  -> (artifact id: 'fb78de549200ffd901e67a7ecc915fc1') in 0.040624 seconds 
========================================================================
Received Import Request.
  Time since last request: 4.996671 seconds.
  path: Assets/BG/parallax-demon-woods-far-trees.png
  artifactKey: Guid(39f4a37b6d8c045759d3dd89c6206cd6) Importer(815301076,1909f56bfc062723c751e8b465ee728b)
Start importing Assets/BG/parallax-demon-woods-far-trees.png using Guid(39f4a37b6d8c045759d3dd89c6206cd6) Importer(815301076,1909f56bfc062723c751e8b465ee728b)  -> (artifact id: '97cc8ab4f0c10687387aab05b2b76f66') in 0.030537 seconds 
========================================================================
Received Import Request.
  Time since last request: 5.717236 seconds.
  path: Assets/BG/parallax-demon-woods-mid-trees.png
  artifactKey: Guid(ff92cb4678ba34442a1480668aa64afa) Importer(815301076,1909f56bfc062723c751e8b465ee728b)
Start importing Assets/BG/parallax-demon-woods-mid-trees.png using Guid(ff92cb4678ba34442a1480668aa64afa) Importer(815301076,1909f56bfc062723c751e8b465ee728b)  -> (artifact id: '694fbb137cd62ecd9f77af233239a301') in 0.035901 seconds 
========================================================================
Received Prepare
Registering precompiled user dll's ...
Registered in 0.004930 seconds.
Begin MonoManager ReloadAssembly
Symbol file LoadedFromMemory doesn't match image /Users/q/Documents/GitHub/gamedev-gametwo/Game Two/Library/PackageCache/com.unity.visualscripting@1.7.8/Editor/VisualScripting.Core/Dependencies/YamlDotNet/Unity.VisualScripting.YamlDotNet.dll
Symbol file LoadedFromMemory doesn't match image /Users/q/Documents/GitHub/gamedev-gametwo/Game Two/Library/PackageCache/com.unity.visualscripting@1.7.8/Editor/VisualScripting.Core/Dependencies/DotNetZip/Unity.VisualScripting.IonicZip.dll
Native extension for WindowsStandalone target not found
Native extension for iOS target not found
Native extension for Android target not found
Native extension for OSXStandalone target not found
Refreshing native plugins compatible for Editor in 2.07 ms, found 3 plugins.
Preloading 0 native plugins for Editor in 0.00 ms.
Mono: successfully reloaded assembly
- Completed reload, in  2.278 seconds
Domain Reload Profiling:
	ReloadAssembly (2282ms)
		BeginReloadAssembly (399ms)
			ExecutionOrderSort (0ms)
			DisableScriptedObjects (25ms)
			BackupInstance (0ms)
			ReleaseScriptingObjects (0ms)
			CreateAndSetChildDomain (177ms)
		EndReloadAssembly (1681ms)
			LoadAssemblies (220ms)
			RebuildTransferFunctionScriptingTraits (0ms)
			SetupTypeCache (610ms)
			ReleaseScriptCaches (2ms)
			RebuildScriptCaches (99ms)
			SetupLoadedEditorAssemblies (700ms)
				LogAssemblyErrors (0ms)
				InitializePlatformSupportModulesInManaged (62ms)
				SetLoadedEditorAssemblies (2ms)
				RefreshPlugins (2ms)
				BeforeProcessingInitializeOnLoad (116ms)
				ProcessInitializeOnLoadAttributes (442ms)
				ProcessInitializeOnLoadMethodAttributes (74ms)
				AfterProcessingInitializeOnLoad (2ms)
				EditorAssembliesLoaded (0ms)
			ExecutionOrderSort2 (0ms)
			AwakeInstancesAfterBackupRestoration (13ms)
Platform modules already initialized, skipping
Refreshing native plugins compatible for Editor in 5.79 ms, found 3 plugins.
Preloading 0 native plugins for Editor in 0.00 ms.
Unloading 4065 Unused Serialized files (Serialized files now loaded: 0)
Unloading 25 unused Assets / (22.1 KB). Loaded Objects now: 4554.
Memory consumption went from 281.2 MB to 281.1 MB.
Total: 11.424938 ms (FindLiveObjects: 1.415138 ms CreateObjectMapping: 0.533607 ms MarkObjects: 9.380090 ms  DeleteObjects: 0.094586 ms)

AssetImportParameters requested are different than current active one (requested -> active):
  custom:video-decoder-ogg-theora: a1e56fd34408186e4bbccfd4996cb3dc -> 
  custom:container-muxer-webm: aa71ff27fc2769a1b78a27578f13a17b -> 
  custom:container-demuxer-webm: 4f35f7cbe854078d1ac9338744f61a02 -> 
  custom:video-encoder-webm-vp8: eb34c28f22e8b96e1ab97ce403110664 -> 
  custom:framework-osx-AVFoundation: e770b220cccbd017edd2c1fefb359320 -> 
  custom:audio-encoder-webm-vorbis: bf7c407c2cedff20999df2af8eb42d56 -> 
  custom:container-demuxer-ogg: 62fdf1f143b41e24485cea50d1cbac27 -> 
  custom:video-decoder-webm-vp8: 9c59270c3fd7afecdb556c50c9e8de78 -> 
  custom:audio-decoder-ogg-vorbis: bf7c407c2cedff20999df2af8eb42d56 -> 
========================================================================
Received Prepare
Registering precompiled user dll's ...
Registered in 0.002843 seconds.
Begin MonoManager ReloadAssembly
Symbol file LoadedFromMemory doesn't match image /Users/q/Documents/GitHub/gamedev-gametwo/Game Two/Library/PackageCache/com.unity.visualscripting@1.7.8/Editor/VisualScripting.Core/Dependencies/YamlDotNet/Unity.VisualScripting.YamlDotNet.dll
Symbol file LoadedFromMemory doesn't match image /Users/q/Documents/GitHub/gamedev-gametwo/Game Two/Library/PackageCache/com.unity.visualscripting@1.7.8/Editor/VisualScripting.Core/Dependencies/DotNetZip/Unity.VisualScripting.IonicZip.dll
Native extension for WindowsStandalone target not found
Native extension for iOS target not found
Native extension for Android target not found
Native extension for OSXStandalone target not found
Refreshing native plugins compatible for Editor in 2.52 ms, found 3 plugins.
Preloading 0 native plugins for Editor in 0.00 ms.
Mono: successfully reloaded assembly
- Completed reload, in  2.294 seconds
Domain Reload Profiling:
	ReloadAssembly (2295ms)
		BeginReloadAssembly (260ms)
			ExecutionOrderSort (0ms)
			DisableScriptedObjects (24ms)
			BackupInstance (0ms)
			ReleaseScriptingObjects (0ms)
			CreateAndSetChildDomain (112ms)
		EndReloadAssembly (1829ms)
			LoadAssemblies (167ms)
			RebuildTransferFunctionScriptingTraits (0ms)
			SetupTypeCache (660ms)
			ReleaseScriptCaches (5ms)
			RebuildScriptCaches (128ms)
			SetupLoadedEditorAssemblies (715ms)
				LogAssemblyErrors (0ms)
				InitializePlatformSupportModulesInManaged (59ms)
				SetLoadedEditorAssemblies (1ms)
				RefreshPlugins (3ms)
				BeforeProcessingInitializeOnLoad (128ms)
				ProcessInitializeOnLoadAttributes (439ms)
				ProcessInitializeOnLoadMethodAttributes (84ms)
				AfterProcessingInitializeOnLoad (2ms)
				EditorAssembliesLoaded (0ms)
			ExecutionOrderSort2 (0ms)
			AwakeInstancesAfterBackupRestoration (13ms)
Platform modules already initialized, skipping
Refreshing native plugins compatible for Editor in 5.28 ms, found 3 plugins.
Preloading 0 native plugins for Editor in 0.00 ms.
Unloading 4065 Unused Serialized files (Serialized files now loaded: 0)
Unloading 25 unused Assets / (22.4 KB). Loaded Objects now: 4557.
Memory consumption went from 281.3 MB to 281.3 MB.
Total: 8.114475 ms (FindLiveObjects: 0.437019 ms CreateObjectMapping: 0.653792 ms MarkObjects: 6.956497 ms  DeleteObjects: 0.065675 ms)

AssetImportParameters requested are different than current active one (requested -> active):
  custom:video-decoder-ogg-theora: a1e56fd34408186e4bbccfd4996cb3dc -> 
  custom:container-muxer-webm: aa71ff27fc2769a1b78a27578f13a17b -> 
  custom:container-demuxer-webm: 4f35f7cbe854078d1ac9338744f61a02 -> 
  custom:video-encoder-webm-vp8: eb34c28f22e8b96e1ab97ce403110664 -> 
  custom:framework-osx-AVFoundation: e770b220cccbd017edd2c1fefb359320 -> 
  custom:audio-encoder-webm-vorbis: bf7c407c2cedff20999df2af8eb42d56 -> 
  custom:container-demuxer-ogg: 62fdf1f143b41e24485cea50d1cbac27 -> 
  custom:video-decoder-webm-vp8: 9c59270c3fd7afecdb556c50c9e8de78 -> 
  custom:audio-decoder-ogg-vorbis: bf7c407c2cedff20999df2af8eb42d56 -> 
========================================================================
Received Prepare
Registering precompiled user dll's ...
Registered in 0.002684 seconds.
Begin MonoManager ReloadAssembly
Symbol file LoadedFromMemory doesn't match image /Users/q/Documents/GitHub/gamedev-gametwo/Game Two/Library/PackageCache/com.unity.visualscripting@1.7.8/Editor/VisualScripting.Core/Dependencies/YamlDotNet/Unity.VisualScripting.YamlDotNet.dll
Symbol file LoadedFromMemory doesn't match image /Users/q/Documents/GitHub/gamedev-gametwo/Game Two/Library/PackageCache/com.unity.visualscripting@1.7.8/Editor/VisualScripting.Core/Dependencies/DotNetZip/Unity.VisualScripting.IonicZip.dll
Native extension for WindowsStandalone target not found
Native extension for iOS target not found
Native extension for Android target not found
Native extension for OSXStandalone target not found
Refreshing native plugins compatible for Editor in 1.30 ms, found 3 plugins.
Preloading 0 native plugins for Editor in 0.00 ms.
Mono: successfully reloaded assembly
- Completed reload, in  1.556 seconds
Domain Reload Profiling:
	ReloadAssembly (1557ms)
		BeginReloadAssembly (136ms)
			ExecutionOrderSort (0ms)
			DisableScriptedObjects (9ms)
			BackupInstance (0ms)
			ReleaseScriptingObjects (0ms)
			CreateAndSetChildDomain (55ms)
		EndReloadAssembly (1291ms)
			LoadAssemblies (73ms)
			RebuildTransferFunctionScriptingTraits (0ms)
			SetupTypeCache (371ms)
			ReleaseScriptCaches (2ms)
			RebuildScriptCaches (72ms)
			SetupLoadedEditorAssemblies (663ms)
				LogAssemblyErrors (0ms)
				InitializePlatformSupportModulesInManaged (47ms)
				SetLoadedEditorAssemblies (1ms)
				RefreshPlugins (1ms)
				BeforeProcessingInitializeOnLoad (113ms)
				ProcessInitializeOnLoadAttributes (425ms)
				ProcessInitializeOnLoadMethodAttributes (74ms)
				AfterProcessingInitializeOnLoad (2ms)
				EditorAssembliesLoaded (0ms)
			ExecutionOrderSort2 (0ms)
			AwakeInstancesAfterBackupRestoration (10ms)
Platform modules already initialized, skipping
Refreshing native plugins compatible for Editor in 4.29 ms, found 3 plugins.
Preloading 0 native plugins for Editor in 0.00 ms.
Unloading 4065 Unused Serialized files (Serialized files now loaded: 0)
Unloading 25 unused Assets / (22.1 KB). Loaded Objects now: 4560.
Memory consumption went from 281.6 MB to 281.5 MB.
Total: 5.679443 ms (FindLiveObjects: 0.412259 ms CreateObjectMapping: 0.417817 ms MarkObjects: 4.802744 ms  DeleteObjects: 0.045563 ms)

AssetImportParameters requested are different than current active one (requested -> active):
  custom:video-decoder-ogg-theora: a1e56fd34408186e4bbccfd4996cb3dc -> 
  custom:container-muxer-webm: aa71ff27fc2769a1b78a27578f13a17b -> 
  custom:container-demuxer-webm: 4f35f7cbe854078d1ac9338744f61a02 -> 
  custom:video-encoder-webm-vp8: eb34c28f22e8b96e1ab97ce403110664 -> 
  custom:framework-osx-AVFoundation: e770b220cccbd017edd2c1fefb359320 -> 
  custom:audio-encoder-webm-vorbis: bf7c407c2cedff20999df2af8eb42d56 -> 
  custom:container-demuxer-ogg: 62fdf1f143b41e24485cea50d1cbac27 -> 
  custom:video-decoder-webm-vp8: 9c59270c3fd7afecdb556c50c9e8de78 -> 
  custom:audio-decoder-ogg-vorbis: bf7c407c2cedff20999df2af8eb42d56 -> 
========================================================================
Received Prepare
Registering precompiled user dll's ...
Registered in 0.002796 seconds.
Begin MonoManager ReloadAssembly
Symbol file LoadedFromMemory doesn't match image /Users/q/Documents/GitHub/gamedev-gametwo/Game Two/Library/PackageCache/com.unity.visualscripting@1.7.8/Editor/VisualScripting.Core/Dependencies/YamlDotNet/Unity.VisualScripting.YamlDotNet.dll
Symbol file LoadedFromMemory doesn't match image /Users/q/Documents/GitHub/gamedev-gametwo/Game Two/Library/PackageCache/com.unity.visualscripting@1.7.8/Editor/VisualScripting.Core/Dependencies/DotNetZip/Unity.VisualScripting.IonicZip.dll
Native extension for WindowsStandalone target not found
Native extension for iOS target not found
Native extension for Android target not found
Native extension for OSXStandalone target not found
Refreshing native plugins compatible for Editor in 1.21 ms, found 3 plugins.
Preloading 0 native plugins for Editor in 0.00 ms.
Mono: successfully reloaded assembly
- Completed reload, in  1.566 seconds
Domain Reload Profiling:
	ReloadAssembly (1566ms)
		BeginReloadAssembly (142ms)
			ExecutionOrderSort (0ms)
			DisableScriptedObjects (9ms)
			BackupInstance (0ms)
			ReleaseScriptingObjects (0ms)
			CreateAndSetChildDomain (59ms)
		EndReloadAssembly (1303ms)
			LoadAssemblies (74ms)
			RebuildTransferFunctionScriptingTraits (0ms)
			SetupTypeCache (373ms)
			ReleaseScriptCaches (2ms)
			RebuildScriptCaches (79ms)
			SetupLoadedEditorAssemblies (660ms)
				LogAssemblyErrors (0ms)
				InitializePlatformSupportModulesInManaged (45ms)
				SetLoadedEditorAssemblies (1ms)
				RefreshPlugins (1ms)
				BeforeProcessingInitializeOnLoad (110ms)
				ProcessInitializeOnLoadAttributes (427ms)
				ProcessInitializeOnLoadMethodAttributes (74ms)
				AfterProcessingInitializeOnLoad (2ms)
				EditorAssembliesLoaded (0ms)
			ExecutionOrderSort2 (0ms)
			AwakeInstancesAfterBackupRestoration (11ms)
Platform modules already initialized, skipping
Refreshing native plugins compatible for Editor in 2.46 ms, found 3 plugins.
Preloading 0 native plugins for Editor in 0.00 ms.
Unloading 4065 Unused Serialized files (Serialized files now loaded: 0)
Unloading 25 unused Assets / (22.0 KB). Loaded Objects now: 4563.
Memory consumption went from 281.8 MB to 281.8 MB.
Total: 5.070233 ms (FindLiveObjects: 0.404442 ms CreateObjectMapping: 0.374860 ms MarkObjects: 4.263623 ms  DeleteObjects: 0.026204 ms)

AssetImportParameters requested are different than current active one (requested -> active):
  custom:video-decoder-ogg-theora: a1e56fd34408186e4bbccfd4996cb3dc -> 
  custom:container-muxer-webm: aa71ff27fc2769a1b78a27578f13a17b -> 
  custom:container-demuxer-webm: 4f35f7cbe854078d1ac9338744f61a02 -> 
  custom:video-encoder-webm-vp8: eb34c28f22e8b96e1ab97ce403110664 -> 
  custom:framework-osx-AVFoundation: e770b220cccbd017edd2c1fefb359320 -> 
  custom:audio-encoder-webm-vorbis: bf7c407c2cedff20999df2af8eb42d56 -> 
  custom:container-demuxer-ogg: 62fdf1f143b41e24485cea50d1cbac27 -> 
  custom:video-decoder-webm-vp8: 9c59270c3fd7afecdb556c50c9e8de78 -> 
  custom:audio-decoder-ogg-vorbis: bf7c407c2cedff20999df2af8eb42d56 -> 
========================================================================
Received Prepare
Registering precompiled user dll's ...
Registered in 0.003426 seconds.
Begin MonoManager ReloadAssembly
Symbol file LoadedFromMemory doesn't match image /Users/q/Documents/GitHub/gamedev-gametwo/Game Two/Library/PackageCache/com.unity.visualscripting@1.7.8/Editor/VisualScripting.Core/Dependencies/YamlDotNet/Unity.VisualScripting.YamlDotNet.dll
Symbol file LoadedFromMemory doesn't match image /Users/q/Documents/GitHub/gamedev-gametwo/Game Two/Library/PackageCache/com.unity.visualscripting@1.7.8/Editor/VisualScripting.Core/Dependencies/DotNetZip/Unity.VisualScripting.IonicZip.dll
Native extension for WindowsStandalone target not found
Native extension for iOS target not found
Native extension for Android target not found
Native extension for OSXStandalone target not found
Refreshing native plugins compatible for Editor in 1.92 ms, found 3 plugins.
Preloading 0 native plugins for Editor in 0.00 ms.
Mono: successfully reloaded assembly
- Completed reload, in  2.412 seconds
Domain Reload Profiling:
	ReloadAssembly (2414ms)
		BeginReloadAssembly (381ms)
			ExecutionOrderSort (0ms)
			DisableScriptedObjects (38ms)
			BackupInstance (0ms)
			ReleaseScriptingObjects (0ms)
			CreateAndSetChildDomain (188ms)
		EndReloadAssembly (1820ms)
			LoadAssemblies (166ms)
			RebuildTransferFunctionScriptingTraits (1ms)
			SetupTypeCache (677ms)
			ReleaseScriptCaches (2ms)
			RebuildScriptCaches (108ms)
			SetupLoadedEditorAssemblies (769ms)
				LogAssemblyErrors (0ms)
				InitializePlatformSupportModulesInManaged (59ms)
				SetLoadedEditorAssemblies (1ms)
				RefreshPlugins (2ms)
				BeforeProcessingInitializeOnLoad (125ms)
				ProcessInitializeOnLoadAttributes (498ms)
				ProcessInitializeOnLoadMethodAttributes (82ms)
				AfterProcessingInitializeOnLoad (2ms)
				EditorAssembliesLoaded (0ms)
			ExecutionOrderSort2 (0ms)
			AwakeInstancesAfterBackupRestoration (12ms)
Platform modules already initialized, skipping
Refreshing native plugins compatible for Editor in 5.44 ms, found 3 plugins.
Preloading 0 native plugins for Editor in 0.00 ms.
Unloading 4065 Unused Serialized files (Serialized files now loaded: 0)
Unloading 25 unused Assets / (21.9 KB). Loaded Objects now: 4566.
Memory consumption went from 282.1 MB to 282.0 MB.
Total: 7.292572 ms (FindLiveObjects: 0.471739 ms CreateObjectMapping: 0.362872 ms MarkObjects: 6.371488 ms  DeleteObjects: 0.083830 ms)

AssetImportParameters requested are different than current active one (requested -> active):
  custom:video-decoder-ogg-theora: a1e56fd34408186e4bbccfd4996cb3dc -> 
  custom:container-muxer-webm: aa71ff27fc2769a1b78a27578f13a17b -> 
  custom:container-demuxer-webm: 4f35f7cbe854078d1ac9338744f61a02 -> 
  custom:video-encoder-webm-vp8: eb34c28f22e8b96e1ab97ce403110664 -> 
  custom:framework-osx-AVFoundation: e770b220cccbd017edd2c1fefb359320 -> 
  custom:audio-encoder-webm-vorbis: bf7c407c2cedff20999df2af8eb42d56 -> 
  custom:container-demuxer-ogg: 62fdf1f143b41e24485cea50d1cbac27 -> 
  custom:video-decoder-webm-vp8: 9c59270c3fd7afecdb556c50c9e8de78 -> 
  custom:audio-decoder-ogg-vorbis: bf7c407c2cedff20999df2af8eb42d56 -> 
========================================================================
Received Import Request.
  Time since last request: 1105.481203 seconds.
  path: Assets/background
  artifactKey: Guid(c4eba5f07e1b04ed2900e700df16f700) Importer(815301076,1909f56bfc062723c751e8b465ee728b)
Start importing Assets/background using Guid(c4eba5f07e1b04ed2900e700df16f700) Importer(815301076,1909f56bfc062723c751e8b465ee728b)  -> (artifact id: '78e730fbb21e405019dd595b9b2d8e50') in 0.017699 seconds 
========================================================================
Received Import Request.
  Time since last request: 11.934887 seconds.
  path: Assets/background/parallax-mountain-bg.png
  artifactKey: Guid(e4d163e70d5c84a9cacb7e7c46c7fad0) Importer(815301076,1909f56bfc062723c751e8b465ee728b)
Start importing Assets/background/parallax-mountain-bg.png using Guid(e4d163e70d5c84a9cacb7e7c46c7fad0) Importer(815301076,1909f56bfc062723c751e8b465ee728b)  -> (artifact id: 'e4446691b750914707480141fa87f2ac') in 0.140523 seconds 
========================================================================
Received Import Request.
  Time since last request: 0.000107 seconds.
  path: Assets/background/parallax-mountain-trees.png
  artifactKey: Guid(1604376431aed4f48ac486425f7371b2) Importer(815301076,1909f56bfc062723c751e8b465ee728b)
Start importing Assets/background/parallax-mountain-trees.png using Guid(1604376431aed4f48ac486425f7371b2) Importer(815301076,1909f56bfc062723c751e8b465ee728b)  -> (artifact id: '828a1d4888f516d8804c5ecaeb0018b6') in 0.023096 seconds 
========================================================================
Received Import Request.
  Time since last request: 0.000057 seconds.
  path: Assets/background/parallax-mountain-montain-far.png
  artifactKey: Guid(f7999baba5bd347129247e5311bebc06) Importer(815301076,1909f56bfc062723c751e8b465ee728b)
Start importing Assets/background/parallax-mountain-montain-far.png using Guid(f7999baba5bd347129247e5311bebc06) Importer(815301076,1909f56bfc062723c751e8b465ee728b)  -> (artifact id: '1152c42f14d67d14924a37966995b18f') in 0.021116 seconds 
========================================================================
Received Import Request.
  Time since last request: 0.000052 seconds.
  path: Assets/background/parallax-mountain-mountains.png
  artifactKey: Guid(f4ec2ea13e04c4f148e36cae69699029) Importer(815301076,1909f56bfc062723c751e8b465ee728b)
Start importing Assets/background/parallax-mountain-mountains.png using Guid(f4ec2ea13e04c4f148e36cae69699029) Importer(815301076,1909f56bfc062723c751e8b465ee728b)  -> (artifact id: '82bff3cf6a387bb91a8b971f4ab8009e') in 0.022900 seconds 
========================================================================
Received Import Request.
  Time since last request: 237.120710 seconds.
  path: Assets/background/01_Mist.png
  artifactKey: Guid(be173985deb894fe79f5ba1f718f3a85) Importer(815301076,1909f56bfc062723c751e8b465ee728b)
Start importing Assets/background/01_Mist.png using Guid(be173985deb894fe79f5ba1f718f3a85) Importer(815301076,1909f56bfc062723c751e8b465ee728b)  -> (artifact id: '904aef1efa53322940b8ee5006f5a361') in 0.233941 seconds 
========================================================================
Received Import Request.
  Time since last request: 0.000275 seconds.
  path: Assets/background/05_Particles.png
  artifactKey: Guid(8daba8b6c4a634b4886d51c96d98cc5a) Importer(815301076,1909f56bfc062723c751e8b465ee728b)
Start importing Assets/background/05_Particles.png using Guid(8daba8b6c4a634b4886d51c96d98cc5a) Importer(815301076,1909f56bfc062723c751e8b465ee728b)  -> (artifact id: '98ee0bb50e3d0972668a40fe5c60d0c7') in 0.119441 seconds 
========================================================================
Received Import Request.
  Time since last request: 0.000055 seconds.
  path: Assets/background/03_Particles.png
  artifactKey: Guid(911f56c8dda974b24bf3cf52e2a1cf1f) Importer(815301076,1909f56bfc062723c751e8b465ee728b)
Start importing Assets/background/03_Particles.png using Guid(911f56c8dda974b24bf3cf52e2a1cf1f) Importer(815301076,1909f56bfc062723c751e8b465ee728b)  -> (artifact id: '0c89402c51473f64899c8ce23862e005') in 0.107634 seconds 
========================================================================
Received Import Request.
  Time since last request: 0.000072 seconds.
  path: Assets/background/07_Forest.png
  artifactKey: Guid(5c677f8d45d9c447e974c5faf63b2274) Importer(815301076,1909f56bfc062723c751e8b465ee728b)
Start importing Assets/background/07_Forest.png using Guid(5c677f8d45d9c447e974c5faf63b2274) Importer(815301076,1909f56bfc062723c751e8b465ee728b)  -> (artifact id: '632f677f251efce42700a83e900f26a0') in 0.119099 seconds 
========================================================================
Received Import Request.
  Time since last request: 0.000097 seconds.
  path: Assets/background/08_Forest.png
  artifactKey: Guid(4ef62343f9ae24fb998a7504909fd483) Importer(815301076,1909f56bfc062723c751e8b465ee728b)
Start importing Assets/background/08_Forest.png using Guid(4ef62343f9ae24fb998a7504909fd483) Importer(815301076,1909f56bfc062723c751e8b465ee728b)  -> (artifact id: 'b25a14d3ba751d03054cb5cabb968834') in 0.120259 seconds 
========================================================================
Received Import Request.
  Time since last request: 21.300583 seconds.
  path: Assets/background/06_Forest.png
  artifactKey: Guid(618527a9e84064e2db4f08f35da21c89) Importer(815301076,1909f56bfc062723c751e8b465ee728b)
Start importing Assets/background/06_Forest.png using Guid(618527a9e84064e2db4f08f35da21c89) Importer(815301076,1909f56bfc062723c751e8b465ee728b)  -> (artifact id: '9dfb5a4b49f667f7d3adcffda2ca6d81') in 0.162001 seconds 
========================================================================
Received Import Request.
  Time since last request: 0.000066 seconds.
  path: Assets/background/09_Forest.png
  artifactKey: Guid(a9536e2f8765c44f99a7602577690f34) Importer(815301076,1909f56bfc062723c751e8b465ee728b)
Start importing Assets/background/09_Forest.png using Guid(a9536e2f8765c44f99a7602577690f34) Importer(815301076,1909f56bfc062723c751e8b465ee728b)  -> (artifact id: '27884c4716ea80fed0f3122cedc83533') in 0.125091 seconds 
========================================================================
Received Import Request.
  Time since last request: 0.000074 seconds.
  path: Assets/background/04_Forest.png
  artifactKey: Guid(f33177cbf2b854312b298be586e9fac4) Importer(815301076,1909f56bfc062723c751e8b465ee728b)
Start importing Assets/background/04_Forest.png using Guid(f33177cbf2b854312b298be586e9fac4) Importer(815301076,1909f56bfc062723c751e8b465ee728b)  -> (artifact id: 'b4808c73d108a9716c629800f4b81c85') in 0.130423 seconds 
========================================================================
Received Import Request.
  Time since last request: 0.000066 seconds.
  path: Assets/background/07_Forest.png
  artifactKey: Guid(5c677f8d45d9c447e974c5faf63b2274) Importer(815301076,1909f56bfc062723c751e8b465ee728b)
Start importing Assets/background/07_Forest.png using Guid(5c677f8d45d9c447e974c5faf63b2274) Importer(815301076,1909f56bfc062723c751e8b465ee728b)  -> (artifact id: 'e3e97aec31796767eb42f31c6f81109c') in 0.106413 seconds 
========================================================================
Received Import Request.
  Time since last request: 0.000115 seconds.
  path: Assets/background/08_Forest.png
  artifactKey: Guid(4ef62343f9ae24fb998a7504909fd483) Importer(815301076,1909f56bfc062723c751e8b465ee728b)
Start importing Assets/background/08_Forest.png using Guid(4ef62343f9ae24fb998a7504909fd483) Importer(815301076,1909f56bfc062723c751e8b465ee728b)  -> (artifact id: 'ab46f4365209d30141b685a01528cc89') in 0.099120 seconds 
========================================================================
Received Import Request.
  Time since last request: 53.904897 seconds.
  path: Assets/background/01_Mist.png
  artifactKey: Guid(be173985deb894fe79f5ba1f718f3a85) Importer(815301076,1909f56bfc062723c751e8b465ee728b)
Start importing Assets/background/01_Mist.png using Guid(be173985deb894fe79f5ba1f718f3a85) Importer(815301076,1909f56bfc062723c751e8b465ee728b)  -> (artifact id: '7572189793cafb0f841fa9328501e436') in 0.189673 seconds 
========================================================================
Received Import Request.
  Time since last request: 16.249952 seconds.
  path: Assets/background/01_Mist.png
  artifactKey: Guid(be173985deb894fe79f5ba1f718f3a85) Importer(815301076,1909f56bfc062723c751e8b465ee728b)
Start importing Assets/background/01_Mist.png using Guid(be173985deb894fe79f5ba1f718f3a85) Importer(815301076,1909f56bfc062723c751e8b465ee728b)  -> (artifact id: '651178a110234c7a96106ff965f38baa') in 0.114772 seconds 
========================================================================
Received Import Request.
  Time since last request: 47.794435 seconds.
  path: Assets/background/06_Forest.png
  artifactKey: Guid(618527a9e84064e2db4f08f35da21c89) Importer(815301076,1909f56bfc062723c751e8b465ee728b)
Start importing Assets/background/06_Forest.png using Guid(618527a9e84064e2db4f08f35da21c89) Importer(815301076,1909f56bfc062723c751e8b465ee728b)  -> (artifact id: '60f4730b2f5b2fab5a38206c54407d8d') in 0.156329 seconds 
========================================================================
Received Import Request.
  Time since last request: 0.000200 seconds.
  path: Assets/background/09_Forest.png
  artifactKey: Guid(a9536e2f8765c44f99a7602577690f34) Importer(815301076,1909f56bfc062723c751e8b465ee728b)
Start importing Assets/background/09_Forest.png using Guid(a9536e2f8765c44f99a7602577690f34) Importer(815301076,1909f56bfc062723c751e8b465ee728b)  -> (artifact id: '7bb5858be11cd95d96da4a5e71e43879') in 0.151520 seconds 
========================================================================
Received Import Request.
  Time since last request: 0.000083 seconds.
  path: Assets/background/07_Forest.png
  artifactKey: Guid(5c677f8d45d9c447e974c5faf63b2274) Importer(815301076,1909f56bfc062723c751e8b465ee728b)
Start importing Assets/background/07_Forest.png using Guid(5c677f8d45d9c447e974c5faf63b2274) Importer(815301076,1909f56bfc062723c751e8b465ee728b)  -> (artifact id: 'c9b16e2fa807e3f0ff2de6914f104ec1') in 0.107981 seconds 
========================================================================
Received Import Request.
  Time since last request: 0.000072 seconds.
  path: Assets/background/08_Forest.png
  artifactKey: Guid(4ef62343f9ae24fb998a7504909fd483) Importer(815301076,1909f56bfc062723c751e8b465ee728b)
Start importing Assets/background/08_Forest.png using Guid(4ef62343f9ae24fb998a7504909fd483) Importer(815301076,1909f56bfc062723c751e8b465ee728b)  -> (artifact id: 'c53b6a14068915c17aaa0ebc9540881d') in 0.107493 seconds 
========================================================================
Received Import Request.
  Time since last request: 0.748321 seconds.
  path: Assets/background/02_Bushes.png
  artifactKey: Guid(ea6aa40793f754ea787fb67d8ed4389a) Importer(815301076,1909f56bfc062723c751e8b465ee728b)
Start importing Assets/background/02_Bushes.png using Guid(ea6aa40793f754ea787fb67d8ed4389a) Importer(815301076,1909f56bfc062723c751e8b465ee728b)  -> (artifact id: '585b46c61d41ce8e4346cb8700c6c3c8') in 0.127626 seconds 
========================================================================
Received Prepare
Registering precompiled user dll's ...
Registered in 0.004149 seconds.
Begin MonoManager ReloadAssembly
Symbol file LoadedFromMemory doesn't match image /Users/q/Documents/GitHub/gamedev-gametwo/Game Two/Library/PackageCache/com.unity.visualscripting@1.7.8/Editor/VisualScripting.Core/Dependencies/YamlDotNet/Unity.VisualScripting.YamlDotNet.dll
Symbol file LoadedFromMemory doesn't match image /Users/q/Documents/GitHub/gamedev-gametwo/Game Two/Library/PackageCache/com.unity.visualscripting@1.7.8/Editor/VisualScripting.Core/Dependencies/DotNetZip/Unity.VisualScripting.IonicZip.dll
Native extension for WindowsStandalone target not found
Native extension for iOS target not found
Native extension for Android target not found
Native extension for OSXStandalone target not found
Refreshing native plugins compatible for Editor in 1.36 ms, found 3 plugins.
Preloading 0 native plugins for Editor in 0.00 ms.
Mono: successfully reloaded assembly
- Completed reload, in  2.236 seconds
Domain Reload Profiling:
	ReloadAssembly (2238ms)
		BeginReloadAssembly (428ms)
			ExecutionOrderSort (0ms)
			DisableScriptedObjects (26ms)
			BackupInstance (0ms)
			ReleaseScriptingObjects (0ms)
			CreateAndSetChildDomain (185ms)
		EndReloadAssembly (1604ms)
			LoadAssemblies (210ms)
			RebuildTransferFunctionScriptingTraits (0ms)
			SetupTypeCache (580ms)
			ReleaseScriptCaches (2ms)
			RebuildScriptCaches (100ms)
			SetupLoadedEditorAssemblies (688ms)
				LogAssemblyErrors (0ms)
				InitializePlatformSupportModulesInManaged (60ms)
				SetLoadedEditorAssemblies (1ms)
				RefreshPlugins (1ms)
				BeforeProcessingInitializeOnLoad (118ms)
				ProcessInitializeOnLoadAttributes (437ms)
				ProcessInitializeOnLoadMethodAttributes (69ms)
				AfterProcessingInitializeOnLoad (1ms)
				EditorAssembliesLoaded (0ms)
			ExecutionOrderSort2 (0ms)
			AwakeInstancesAfterBackupRestoration (10ms)
Platform modules already initialized, skipping
Refreshing native plugins compatible for Editor in 6.28 ms, found 3 plugins.
Preloading 0 native plugins for Editor in 0.00 ms.
Unloading 4065 Unused Serialized files (Serialized files now loaded: 0)
Unloading 25 unused Assets / (22.0 KB). Loaded Objects now: 4578.
Memory consumption went from 282.4 MB to 282.4 MB.
Total: 9.383003 ms (FindLiveObjects: 0.630080 ms CreateObjectMapping: 0.565059 ms MarkObjects: 8.035022 ms  DeleteObjects: 0.151343 ms)

AssetImportParameters requested are different than current active one (requested -> active):
  custom:video-decoder-ogg-theora: a1e56fd34408186e4bbccfd4996cb3dc -> 
  custom:container-muxer-webm: aa71ff27fc2769a1b78a27578f13a17b -> 
  custom:container-demuxer-webm: 4f35f7cbe854078d1ac9338744f61a02 -> 
  custom:video-encoder-webm-vp8: eb34c28f22e8b96e1ab97ce403110664 -> 
  custom:framework-osx-AVFoundation: e770b220cccbd017edd2c1fefb359320 -> 
  custom:audio-encoder-webm-vorbis: bf7c407c2cedff20999df2af8eb42d56 -> 
  custom:container-demuxer-ogg: 62fdf1f143b41e24485cea50d1cbac27 -> 
  custom:video-decoder-webm-vp8: 9c59270c3fd7afecdb556c50c9e8de78 -> 
  custom:audio-decoder-ogg-vorbis: bf7c407c2cedff20999df2af8eb42d56 -> 
========================================================================
Received Prepare
Registering precompiled user dll's ...
Registered in 0.002792 seconds.
Begin MonoManager ReloadAssembly
Symbol file LoadedFromMemory doesn't match image /Users/q/Documents/GitHub/gamedev-gametwo/Game Two/Library/PackageCache/com.unity.visualscripting@1.7.8/Editor/VisualScripting.Core/Dependencies/YamlDotNet/Unity.VisualScripting.YamlDotNet.dll
Symbol file LoadedFromMemory doesn't match image /Users/q/Documents/GitHub/gamedev-gametwo/Game Two/Library/PackageCache/com.unity.visualscripting@1.7.8/Editor/VisualScripting.Core/Dependencies/DotNetZip/Unity.VisualScripting.IonicZip.dll
Native extension for WindowsStandalone target not found
Native extension for iOS target not found
Native extension for Android target not found
Native extension for OSXStandalone target not found
Refreshing native plugins compatible for Editor in 1.47 ms, found 3 plugins.
Preloading 0 native plugins for Editor in 0.00 ms.
Mono: successfully reloaded assembly
- Completed reload, in  1.971 seconds
Domain Reload Profiling:
	ReloadAssembly (1972ms)
		BeginReloadAssembly (231ms)
			ExecutionOrderSort (0ms)
			DisableScriptedObjects (15ms)
			BackupInstance (0ms)
			ReleaseScriptingObjects (0ms)
			CreateAndSetChildDomain (105ms)
		EndReloadAssembly (1556ms)
			LoadAssemblies (121ms)
			RebuildTransferFunctionScriptingTraits (0ms)
			SetupTypeCache (552ms)
			ReleaseScriptCaches (2ms)
			RebuildScriptCaches (104ms)
			SetupLoadedEditorAssemblies (657ms)
				LogAssemblyErrors (0ms)
				InitializePlatformSupportModulesInManaged (54ms)
				SetLoadedEditorAssemblies (1ms)
				RefreshPlugins (2ms)
				BeforeProcessingInitializeOnLoad (111ms)
				ProcessInitializeOnLoadAttributes (413ms)
				ProcessInitializeOnLoadMethodAttributes (74ms)
				AfterProcessingInitializeOnLoad (2ms)
				EditorAssembliesLoaded (0ms)
			ExecutionOrderSort2 (0ms)
			AwakeInstancesAfterBackupRestoration (12ms)
Platform modules already initialized, skipping
Refreshing native plugins compatible for Editor in 3.97 ms, found 3 plugins.
Preloading 0 native plugins for Editor in 0.00 ms.
Unloading 4065 Unused Serialized files (Serialized files now loaded: 0)
Unloading 25 unused Assets / (22.0 KB). Loaded Objects now: 4581.
Memory consumption went from 282.6 MB to 282.6 MB.
Total: 5.897576 ms (FindLiveObjects: 0.558850 ms CreateObjectMapping: 0.410662 ms MarkObjects: 4.896293 ms  DeleteObjects: 0.030690 ms)

AssetImportParameters requested are different than current active one (requested -> active):
  custom:video-decoder-ogg-theora: a1e56fd34408186e4bbccfd4996cb3dc -> 
  custom:container-muxer-webm: aa71ff27fc2769a1b78a27578f13a17b -> 
  custom:container-demuxer-webm: 4f35f7cbe854078d1ac9338744f61a02 -> 
  custom:video-encoder-webm-vp8: eb34c28f22e8b96e1ab97ce403110664 -> 
  custom:framework-osx-AVFoundation: e770b220cccbd017edd2c1fefb359320 -> 
  custom:audio-encoder-webm-vorbis: bf7c407c2cedff20999df2af8eb42d56 -> 
  custom:container-demuxer-ogg: 62fdf1f143b41e24485cea50d1cbac27 -> 
  custom:video-decoder-webm-vp8: 9c59270c3fd7afecdb556c50c9e8de78 -> 
  custom:audio-decoder-ogg-vorbis: bf7c407c2cedff20999df2af8eb42d56 -> 
========================================================================
Received Prepare
Registering precompiled user dll's ...
Registered in 0.002831 seconds.
Begin MonoManager ReloadAssembly
Symbol file LoadedFromMemory doesn't match image /Users/q/Documents/GitHub/gamedev-gametwo/Game Two/Library/PackageCache/com.unity.visualscripting@1.7.8/Editor/VisualScripting.Core/Dependencies/YamlDotNet/Unity.VisualScripting.YamlDotNet.dll
Symbol file LoadedFromMemory doesn't match image /Users/q/Documents/GitHub/gamedev-gametwo/Game Two/Library/PackageCache/com.unity.visualscripting@1.7.8/Editor/VisualScripting.Core/Dependencies/DotNetZip/Unity.VisualScripting.IonicZip.dll
Native extension for WindowsStandalone target not found
Native extension for iOS target not found
Native extension for Android target not found
Native extension for OSXStandalone target not found
Refreshing native plugins compatible for Editor in 1.59 ms, found 3 plugins.
Preloading 0 native plugins for Editor in 0.00 ms.
Mono: successfully reloaded assembly
- Completed reload, in  2.373 seconds
Domain Reload Profiling:
	ReloadAssembly (2375ms)
		BeginReloadAssembly (354ms)
			ExecutionOrderSort (0ms)
			DisableScriptedObjects (31ms)
			BackupInstance (0ms)
			ReleaseScriptingObjects (0ms)
			CreateAndSetChildDomain (176ms)
		EndReloadAssembly (1824ms)
			LoadAssemblies (169ms)
			RebuildTransferFunctionScriptingTraits (0ms)
			SetupTypeCache (665ms)
			ReleaseScriptCaches (3ms)
			RebuildScriptCaches (122ms)
			SetupLoadedEditorAssemblies (721ms)
				LogAssemblyErrors (0ms)
				InitializePlatformSupportModulesInManaged (60ms)
				SetLoadedEditorAssemblies (1ms)
				RefreshPlugins (2ms)
				BeforeProcessingInitializeOnLoad (125ms)
				ProcessInitializeOnLoadAttributes (442ms)
				ProcessInitializeOnLoadMethodAttributes (89ms)
				AfterProcessingInitializeOnLoad (2ms)
				EditorAssembliesLoaded (1ms)
			ExecutionOrderSort2 (0ms)
			AwakeInstancesAfterBackupRestoration (16ms)
Platform modules already initialized, skipping
Refreshing native plugins compatible for Editor in 5.21 ms, found 3 plugins.
Preloading 0 native plugins for Editor in 0.00 ms.
Unloading 4065 Unused Serialized files (Serialized files now loaded: 0)
Unloading 25 unused Assets / (22.0 KB). Loaded Objects now: 4584.
Memory consumption went from 282.9 MB to 282.8 MB.
Total: 8.120623 ms (FindLiveObjects: 0.494100 ms CreateObjectMapping: 0.360165 ms MarkObjects: 7.159535 ms  DeleteObjects: 0.105114 ms)

AssetImportParameters requested are different than current active one (requested -> active):
  custom:video-decoder-ogg-theora: a1e56fd34408186e4bbccfd4996cb3dc -> 
  custom:container-muxer-webm: aa71ff27fc2769a1b78a27578f13a17b -> 
  custom:container-demuxer-webm: 4f35f7cbe854078d1ac9338744f61a02 -> 
  custom:video-encoder-webm-vp8: eb34c28f22e8b96e1ab97ce403110664 -> 
  custom:framework-osx-AVFoundation: e770b220cccbd017edd2c1fefb359320 -> 
  custom:audio-encoder-webm-vorbis: bf7c407c2cedff20999df2af8eb42d56 -> 
  custom:container-demuxer-ogg: 62fdf1f143b41e24485cea50d1cbac27 -> 
  custom:video-decoder-webm-vp8: 9c59270c3fd7afecdb556c50c9e8de78 -> 
  custom:audio-decoder-ogg-vorbis: bf7c407c2cedff20999df2af8eb42d56 -> 
========================================================================
Received Import Request.
  Time since last request: 748.760687 seconds.
  path: Assets/SecondBG
  artifactKey: Guid(d68cf12eb9f12426ebee01b1713c5b64) Importer(815301076,1909f56bfc062723c751e8b465ee728b)
Start importing Assets/SecondBG using Guid(d68cf12eb9f12426ebee01b1713c5b64) Importer(815301076,1909f56bfc062723c751e8b465ee728b)  -> (artifact id: '5919b25b9400cd17d53e54af3b497a18') in 0.019056 seconds 
========================================================================
Received Import Request.
  Time since last request: 1.091439 seconds.
  path: Assets/SecondBG/BG
  artifactKey: Guid(0a0dde2b0748749aa963db40e19cffe5) Importer(815301076,1909f56bfc062723c751e8b465ee728b)
Start importing Assets/SecondBG/BG using Guid(0a0dde2b0748749aa963db40e19cffe5) Importer(815301076,1909f56bfc062723c751e8b465ee728b)  -> (artifact id: 'd17e6812fe7fc8f6fea5a8901b8a6ebf') in 0.003864 seconds 
========================================================================
Received Import Request.
  Time since last request: 0.150872 seconds.
  path: Assets/SecondBG/BG/background_layer_1.png
  artifactKey: Guid(bbd16dc64bce840ce98b8ab65e8e7a25) Importer(815301076,1909f56bfc062723c751e8b465ee728b)
Start importing Assets/SecondBG/BG/background_layer_1.png using Guid(bbd16dc64bce840ce98b8ab65e8e7a25) Importer(815301076,1909f56bfc062723c751e8b465ee728b)  -> (artifact id: '15388667a784764a625fd6a859e1e7e2') in 0.097344 seconds 
========================================================================
Received Import Request.
  Time since last request: 0.000073 seconds.
  path: Assets/SecondBG/BG/background_layer_3.png
  artifactKey: Guid(fc59b83ae6768424a9e2fe00bfe5f343) Importer(815301076,1909f56bfc062723c751e8b465ee728b)
Start importing Assets/SecondBG/BG/background_layer_3.png using Guid(fc59b83ae6768424a9e2fe00bfe5f343) Importer(815301076,1909f56bfc062723c751e8b465ee728b)  -> (artifact id: '22e966f746562323055c83c4869b8e69') in 0.032460 seconds 
========================================================================
Received Import Request.
  Time since last request: 258.522951 seconds.
  path: Assets/Sprites/fence_1.png
  artifactKey: Guid(b1919883c6f384e0c8f2164490c85410) Importer(815301076,1909f56bfc062723c751e8b465ee728b)
Start importing Assets/Sprites/fence_1.png using Guid(b1919883c6f384e0c8f2164490c85410) Importer(815301076,1909f56bfc062723c751e8b465ee728b)  -> (artifact id: '0331ea2911881aa271c0c5f3f603b923') in 0.071204 seconds 
========================================================================
Received Import Request.
  Time since last request: 0.000142 seconds.
  path: Assets/Sprites/grass_2.png
  artifactKey: Guid(51980d9734f964930939625002917dba) Importer(815301076,1909f56bfc062723c751e8b465ee728b)
Start importing Assets/Sprites/grass_2.png using Guid(51980d9734f964930939625002917dba) Importer(815301076,1909f56bfc062723c751e8b465ee728b)  -> (artifact id: '73d91b721557ef7fc6f9c98923382dd3') in 0.066869 seconds 
========================================================================
Received Import Request.
  Time since last request: 0.000072 seconds.
  path: Assets/Sprites/rock_1.png
  artifactKey: Guid(3d0e86a29139941a6a96f34a61d43814) Importer(815301076,1909f56bfc062723c751e8b465ee728b)
Start importing Assets/Sprites/rock_1.png using Guid(3d0e86a29139941a6a96f34a61d43814) Importer(815301076,1909f56bfc062723c751e8b465ee728b)  -> (artifact id: 'a8b8880cf14ed687205e8e89e6835304') in 0.031738 seconds 
========================================================================
Received Import Request.
  Time since last request: 0.000088 seconds.
  path: Assets/Sprites/lamp.png
  artifactKey: Guid(5b7b14c574e6e4c8f85e3ee0525f73a3) Importer(815301076,1909f56bfc062723c751e8b465ee728b)
Start importing Assets/Sprites/lamp.png using Guid(5b7b14c574e6e4c8f85e3ee0525f73a3) Importer(815301076,1909f56bfc062723c751e8b465ee728b)  -> (artifact id: '8ff50c4ba02c5e67c0a73cac886623ed') in 0.026641 seconds 
========================================================================
Received Import Request.
  Time since last request: 0.000084 seconds.
  path: Assets/Sprites/grass_1.png
  artifactKey: Guid(6cefbb7bb8f8c4852bd8aac902afc52a) Importer(815301076,1909f56bfc062723c751e8b465ee728b)
Start importing Assets/Sprites/grass_1.png using Guid(6cefbb7bb8f8c4852bd8aac902afc52a) Importer(815301076,1909f56bfc062723c751e8b465ee728b)  -> (artifact id: '645660e1d8f0203daa087da966704b98') in 0.024610 seconds 
========================================================================
Received Import Request.
  Time since last request: 0.000080 seconds.
  path: Assets/Sprites/grass_3.png
  artifactKey: Guid(6f7c84f09c4404347830f13556da67ae) Importer(815301076,1909f56bfc062723c751e8b465ee728b)
Start importing Assets/Sprites/grass_3.png using Guid(6f7c84f09c4404347830f13556da67ae) Importer(815301076,1909f56bfc062723c751e8b465ee728b)  -> (artifact id: 'b2edd93c953eb5ef5459d9582da8ad80') in 0.017578 seconds 
========================================================================
Received Import Request.
  Time since last request: 0.000068 seconds.
  path: Assets/Sprites/rock_3.png
  artifactKey: Guid(c2c0a68a04702496986e906c8cd61680) Importer(815301076,1909f56bfc062723c751e8b465ee728b)
Start importing Assets/Sprites/rock_3.png using Guid(c2c0a68a04702496986e906c8cd61680) Importer(815301076,1909f56bfc062723c751e8b465ee728b)  -> (artifact id: '0aa6684db4d7850dd6a4ce27c6c12a0e') in 0.022744 seconds 
========================================================================
Received Import Request.
  Time since last request: 0.000066 seconds.
  path: Assets/Sprites/squirrel.png
  artifactKey: Guid(3d4be51583ca0445ca3cc5af5fbaac5b) Importer(815301076,1909f56bfc062723c751e8b465ee728b)
Start importing Assets/Sprites/squirrel.png using Guid(3d4be51583ca0445ca3cc5af5fbaac5b) Importer(815301076,1909f56bfc062723c751e8b465ee728b)  -> (artifact id: '9d62bd7e146955a50e9ab603584eb066') in 0.101156 seconds 
========================================================================
Received Import Request.
  Time since last request: 0.000086 seconds.
  path: Assets/Sprites/rock_2.png
  artifactKey: Guid(cd74d9e3d3f2d48a5a469e296014886e) Importer(815301076,1909f56bfc062723c751e8b465ee728b)
Start importing Assets/Sprites/rock_2.png using Guid(cd74d9e3d3f2d48a5a469e296014886e) Importer(815301076,1909f56bfc062723c751e8b465ee728b)  -> (artifact id: '62b558de3e77f1eabc1dfe4649cbd7b2') in 0.019887 seconds 
========================================================================
Received Import Request.
  Time since last request: 7.032970 seconds.
  path: Assets/Sprites/monsterMASH.png
  artifactKey: Guid(1d2a31b9f5b374459b4728622c9d0932) Importer(815301076,1909f56bfc062723c751e8b465ee728b)
Start importing Assets/Sprites/monsterMASH.png using Guid(1d2a31b9f5b374459b4728622c9d0932) Importer(815301076,1909f56bfc062723c751e8b465ee728b)  -> (artifact id: '215403eec0e8467296943ef783faaf51') in 0.304994 seconds 
========================================================================
Received Import Request.
  Time since last request: 5.684506 seconds.
  path: Assets/Sprites/monsterMASH.png
  artifactKey: Guid(1d2a31b9f5b374459b4728622c9d0932) Importer(815301076,1909f56bfc062723c751e8b465ee728b)
Start importing Assets/Sprites/monsterMASH.png using Guid(1d2a31b9f5b374459b4728622c9d0932) Importer(815301076,1909f56bfc062723c751e8b465ee728b)  -> (artifact id: '5f6b31e58a222bbff55503708621f3d5') in 0.246987 seconds 
========================================================================
Received Import Request.
  Time since last request: 13.343940 seconds.
  path: Assets/Sprites/monsterMASH.png
  artifactKey: Guid(1d2a31b9f5b374459b4728622c9d0932) Importer(815301076,1909f56bfc062723c751e8b465ee728b)
Start importing Assets/Sprites/monsterMASH.png using Guid(1d2a31b9f5b374459b4728622c9d0932) Importer(815301076,1909f56bfc062723c751e8b465ee728b)  -> (artifact id: '0a5567d0a2a885d3716b864ac25d2d73') in 0.325691 seconds 
========================================================================
Received Import Request.
  Time since last request: 22.753602 seconds.
  path: Assets/Sprites/monsterMASH.png
  artifactKey: Guid(1d2a31b9f5b374459b4728622c9d0932) Importer(815301076,1909f56bfc062723c751e8b465ee728b)
Start importing Assets/Sprites/monsterMASH.png using Guid(1d2a31b9f5b374459b4728622c9d0932) Importer(815301076,1909f56bfc062723c751e8b465ee728b)  -> (artifact id: '097e27935004cd023ce4dbbc31fc4186') in 0.300522 seconds 
========================================================================
Received Import Request.
  Time since last request: 5.220390 seconds.
  path: Assets/Sprites/monsterMASH.png
  artifactKey: Guid(1d2a31b9f5b374459b4728622c9d0932) Importer(815301076,1909f56bfc062723c751e8b465ee728b)
Start importing Assets/Sprites/monsterMASH.png using Guid(1d2a31b9f5b374459b4728622c9d0932) Importer(815301076,1909f56bfc062723c751e8b465ee728b)  -> (artifact id: '6f59e0c67680857e645a36b48cdef459') in 0.264817 seconds 
